build/outputs/logs/manifest-merger-debug-report.txt
-- Merging decision tree log ---
manifest
ADDED from PiktoTestMap\AndroidManifest.xml:2:1-31:12
	package
		ADDED from PiktoTestMap\AndroidManifest.xml:3:5-39
	android:versionName
		ADDED from PiktoTestMap\AndroidManifest.xml:5:5-30
		INJECTED from PiktoTestMap\AndroidManifest.xml
		INJECTED from PiktoTestMap\AndroidManifest.xml
	android:versionCode
		ADDED from PiktoTestMap\AndroidManifest.xml:4:5-28
		INJECTED from PiktoTestMap\AndroidManifest.xml
		INJECTED from PiktoTestMap\AndroidManifest.xml
	xmlns:android
		ADDED from PiktoTestMap\AndroidManifest.xml:2:11-69
uses-sdk
ADDED from PiktoTestMap\AndroidManifest.xml:7:5-9:41
	android:targetSdkVersion
		ADDED from PiktoTestMap\AndroidManifest.xml:9:9-38
	android:minSdkVersion
		ADDED from PiktoTestMap\AndroidManifest.xml:8:9-34
uses-permission#android.permission.WRITE_EXTERNAL_STORAGE
ADDED from PiktoTestMap\AndroidManifest.xml:10:2-78
	android:name
		ADDED from PiktoTestMap\AndroidManifest.xml:10:19-75
application
ADDED from PiktoTestMap\AndroidManifest.xml:12:5-29:19
	android:label
		ADDED from PiktoTestMap\AndroidManifest.xml:15:9-41
	android:allowBackup
		ADDED from PiktoTestMap\AndroidManifest.xml:13:9-35
	android:icon
		ADDED from PiktoTestMap\AndroidManifest.xml:14:9-39
	android:largeHeap
		ADDED from PiktoTestMap\AndroidManifest.xml:17:9-33
	android:theme
		ADDED from PiktoTestMap\AndroidManifest.xml:16:9-40
activity#com.example.piktotestmap.SMLetterMappingActivity
ADDED from PiktoTestMap\AndroidManifest.xml:18:9-27:20
	android:screenOrientation
		ADDED from PiktoTestMap\AndroidManifest.xml:21:13-50
	android:label
		ADDED from PiktoTestMap\AndroidManifest.xml:20:13-45
	android:name
		ADDED from PiktoTestMap\AndroidManifest.xml:19:13-52
intent-filter#android.intent.action.MAIN+android.intent.category.LAUNCHER
ADDED from PiktoTestMap\AndroidManifest.xml:22:13-26:29
action#android.intent.action.MAIN
ADDED from PiktoTestMap\AndroidManifest.xml:23:17-69
	android:name
		ADDED from PiktoTestMap\AndroidManifest.xml:23:25-66
category#android.intent.category.LAUNCHER
ADDED from PiktoTestMap\AndroidManifest.xml:25:17-77
	android:name
		ADDED from PiktoTestMap\AndroidManifest.xml:25:27-74